#
# A fatal error has been detected by the Java Runtime Environment:
#
#  EXCEPTION_ACCESS_VIOLATION (0xc0000005) at pc=0x00007ffd8e6d8d30, pid=7712, tid=14952
#
# JRE version: Java(TM) SE Runtime Environment (23.0.2+7) (build 23.0.2+7-58)
# Java VM: Java HotSpot(TM) 64-Bit Server VM (23.0.2+7-58, mixed mode, sharing, tiered, compressed oops, compressed class ptrs, g1 gc, windows-amd64)
# Problematic frame:
# V  [jvm.dll+0x3b8d30]
#
# No core dump will be written. Minidumps are not enabled by default on client versions of Windows
#
# If you would like to submit a bug report, please visit:
#   https://bugreport.java.com/bugreport/crash.jsp
#

---------------  S U M M A R Y ------------

Command Line: -Dclassworlds.conf=C:\Users\Eliqn\apache-maven-3.9.9\bin\m2.conf -Dmaven.home=C:\Users\Eliqn\apache-maven-3.9.9 -Dlibrary.jansi.path=C:\Users\Eliqn\apache-maven-3.9.9\lib\jansi-native -Dmaven.multiModuleProjectDirectory=C:\Users\Eliqn\Proyectos\ingsw\fis_2025_g6 org.codehaus.plexus.classworlds.launcher.Launcher spring-boot:run

Host: AMD Ryzen 7 3700U with Radeon Vega Mobile Gfx  , 8 cores, 13G,  Windows 11 , 64 bit Build 26100 (10.0.26100.3775)
Time: Wed May  7 17:05:29 2025 Hora est. Pacífico, Sudamérica elapsed time: 13.994955 seconds (0d 0h 0m 13s)

---------------  T H R E A D  ---------------

Current thread (0x0000027d784114b0):  JavaThread "C2 CompilerThread2" daemon [_thread_in_native, id=14952, stack(0x000000e706100000,0x000000e706200000) (1024K)]


Current CompileTask:
C2:13995 6792       4       lombok.javac.JavacAST::buildStatementOrExpression (120 bytes)

Stack: [0x000000e706100000,0x000000e706200000],  sp=0x000000e7061fcc80,  free space=1011k
Native frames: (J=compiled Java code, j=interpreted, Vv=VM code, C=native code)
V  [jvm.dll+0x3b8d30]  (no source info available)
V  [jvm.dll+0x3b41e7]  (no source info available)
V  [jvm.dll+0x1dc901]  (no source info available)
V  [jvm.dll+0x1dc552]  (no source info available)
V  [jvm.dll+0x244ce5]  (no source info available)
V  [jvm.dll+0x243eff]  (no source info available)
V  [jvm.dll+0x1c34b0]  (no source info available)
V  [jvm.dll+0x253df1]  (no source info available)
V  [jvm.dll+0x2520aa]  (no source info available)
V  [jvm.dll+0x3ee226]  (no source info available)
V  [jvm.dll+0x8254cb]  (no source info available)
V  [jvm.dll+0x6df345]  (no source info available)
C  [ucrtbase.dll+0x37b0]  (no source info available)
C  [KERNEL32.DLL+0x2e8d7]  (no source info available)
C  [ntdll.dll+0xb14fc]  (no source info available)


siginfo: EXCEPTION_ACCESS_VIOLATION (0xc0000005), reading address 0xffffffffffffffff


Registers:
RAX=0x0000000000000000, RBX=0x000000000000001b, RCX=0x0000000000000000, RDX=0x40007ffd8ef6c698
RSP=0x000000e7061fcc80, RBP=0x00007ffd8ef6c698, RSI=0xffffffffffffffff, RDI=0x000000e7061fccd0
R8 =0x0000020000000000, R9 =0x0000000000000004, R10=0x0000027d7d0e1f98, R11=0x0000027d32e90808
R12=0x000000000014e100, R13=0x000000e7061fd290, R14=0x0000000000000029, R15=0x00007ffd8ef6c698
RIP=0x00007ffd8e6d8d30, EFLAGS=0x0000000000010246


Register to memory mapping:

RAX=0x0 is null
RBX=0x000000000000001b is an unknown value
RCX=0x0 is null
RDX=0x40007ffd8ef6c698 is an unknown value
RSP=0x000000e7061fcc80 is pointing into the stack for thread: 0x0000027d784114b0
RBP=0x00007ffd8ef6c698 jvm.dll
RSI=0xffffffffffffffff is an unknown value
RDI=0x000000e7061fccd0 is pointing into the stack for thread: 0x0000027d784114b0
R8 =0x0000020000000000 is an unknown value
R9 =0x0000000000000004 is an unknown value
R10=0x0000027d7d0e1f98 points into unknown readable memory: 0x0000000000000000 | 00 00 00 00 00 00 00 00
R11=0x0000027d32e90808 points into unknown readable memory: 0x0000000000000000 | 00 00 00 00 00 00 00 00
R12=0x000000000014e100 is an unknown value
R13=0x000000e7061fd290 is pointing into the stack for thread: 0x0000027d784114b0
R14=0x0000000000000029 is an unknown value
R15=0x00007ffd8ef6c698 jvm.dll

Top of Stack: (sp=0x000000e7061fcc80)
0x000000e7061fcc80:   0000000000000000 0000000000000000
0x000000e7061fcc90:   0000000000000000 0000000000000000
0x000000e7061fcca0:   0000000000002169 00007ffd8e6d41e7
0x000000e7061fccb0:   0000027d32bc3130 000000e7061fcee0
0x000000e7061fccc0:   ffffffffffffffff 0000000000000000
0x000000e7061fccd0:   0000000000000000 0000000300000d9b
0x000000e7061fcce0:   000000220000000e 40007ffd8ef6c698
0x000000e7061fccf0:   0000027d7cc631f8 0000027d32c891f0
0x000000e7061fcd00:   0000000000002169 ffffffffffffffff
0x000000e7061fcd10:   0000000000000000 00007ffd8e4fc901
0x000000e7061fcd20:   0000000000007534 0000000000000000
0x000000e7061fcd30:   0000027d32e90880 00007ffd8ecf59c0
0x000000e7061fcd40:   0000000000000000 0000000400002cfd
0x000000e7061fcd50:   0000002d0000002d 0000027d7bdfe480
0x000000e7061fcd60:   0000027d7cc63080 0000027d32c89150
0x000000e7061fcd70:   0000000000000000 0000000000000000
0x000000e7061fcd80:   0000000000000000 0000000000000000
0x000000e7061fcd90:   0000000000000000 00007ffd8ecf59d0
0x000000e7061fcda0:   0000000000000000 000000e7061fe740
0x000000e7061fcdb0:   0000000000000000 00007ffd8ecf59d0
0x000000e7061fcdc0:   0000000000000000 0000000000000000
0x000000e7061fcdd0:   0000027d32410ff0 000000e7061fd370
0x000000e7061fcde0:   0000027d32411000 0000000000000000
0x000000e7061fcdf0:   0000000000000001 000000e7061fcf10
0x000000e7061fce00:   000000e7061fd290 00007ffd8e4fc552
0x000000e7061fce10:   000000e700007534 ffffffffffffffff
0x000000e7061fce20:   0000027d324113d8 0000027d32410ff0
0x000000e7061fce30:   0000000000000000 000000000000c0c8
0x000000e7061fce40:   000000018ed05607 0000027d32410ff0
0x000000e7061fce50:   0000027d7abcac40 0000027d7abccf48
0x000000e7061fce60:   0000027d7abd2c28 0000000000c7ec48
0x000000e7061fce70:   0000027d32411000 0000000000000000 

Instructions: (pc=0x00007ffd8e6d8d30)
0x00007ffd8e6d8c30:   48 8b 8e e0 08 00 00 48 85 c9 75 0c e8 2f 09 00
0x00007ffd8e6d8c40:   00 48 8b 8e e0 08 00 00 48 8b 01 0f 57 c0 48 89
0x00007ffd8e6d8c50:   86 e0 08 00 00 0f 11 01 0f 11 41 10 0f 10 45 00
0x00007ffd8e6d8c60:   0f 11 01 0f 10 4d 10 0f 11 49 10 48 8b 43 08 49
0x00007ffd8e6d8c70:   89 0c 06 48 8d 0d 1e 3a 89 00 ff c7 ba 70 00 00
0x00007ffd8e6d8c80:   00 3b bb 90 00 00 00 0f 82 63 ff ff ff 4c 8b 74
0x00007ffd8e6d8c90:   24 60 4c 8b 64 24 58 48 8b 6c 24 50 48 8b c3 48
0x00007ffd8e6d8ca0:   83 c4 20 41 5f 41 5d 5f 5e 5b c3 cc cc cc cc cc
0x00007ffd8e6d8cb0:   48 89 74 24 18 57 48 83 ec 20 8b 51 0c 48 8b f9
0x00007ffd8e6d8cc0:   83 fa 04 73 29 48 8b 49 18 0f 1f 80 00 00 00 00
0x00007ffd8e6d8cd0:   8b c2 44 8d 4a 01 48 83 3c c1 00 4c 8d 14 c1 0f
0x00007ffd8e6d8ce0:   85 91 00 00 00 41 8b d1 41 83 f9 04 72 e2 48 89
0x00007ffd8e6d8cf0:   5c 24 30 8b 5f 10 48 89 6c 24 38 3b 5f 14 73 5f
0x00007ffd8e6d8d00:   48 8d 2d 91 39 89 00 66 0f 1f 84 00 00 00 00 00
0x00007ffd8e6d8d10:   48 8b 47 20 8b cb 48 8b 14 c8 48 3b d5 74 39 33
0x00007ffd8e6d8d20:   c0 48 89 57 18 33 c9 66 0f 1f 84 00 00 00 00 00
0x00007ffd8e6d8d30:   48 83 3c 11 00 44 8d 48 01 75 78 48 83 c1 08 41
0x00007ffd8e6d8d40:   8b c1 41 83 f9 04 72 e8 48 8b 4f 28 48 85 c9 74
0x00007ffd8e6d8d50:   07 8b d3 e8 58 01 00 00 ff c3 3b 5f 14 72 b1 33
0x00007ffd8e6d8d60:   c0 48 8b 5c 24 30 48 8b 6c 24 38 48 8b 74 24 40
0x00007ffd8e6d8d70:   48 83 c4 20 5f c3 8b 47 10 48 8b 74 24 40 44 8d
0x00007ffd8e6d8d80:   04 82 41 c1 e0 06 41 81 c0 00 ff ff ff 44 89 47
0x00007ffd8e6d8d90:   08 49 8b 12 48 0f bc c2 44 89 4f 0c 8b c8 48 d3
0x00007ffd8e6d8da0:   ea 48 ff ca 41 03 c0 48 89 17 89 47 08 48 83 c4
0x00007ffd8e6d8db0:   20 5f c3 8b c8 44 8d 04 98 41 c1 e0 06 8d 43 01
0x00007ffd8e6d8dc0:   44 89 47 08 48 8b 14 ca 89 47 10 48 0f bc c2 44
0x00007ffd8e6d8dd0:   89 4f 0c 8b c8 48 d3 ea 48 ff ca 41 03 c0 48 89
0x00007ffd8e6d8de0:   17 89 47 08 e9 78 ff ff ff cc cc cc cc cc cc cc
0x00007ffd8e6d8df0:   40 53 48 83 ec 20 65 48 8b 04 25 58 00 00 00 8b
0x00007ffd8e6d8e00:   0d ef b1 8e 00 48 8b 1c c8 b8 70 00 00 00 80 3c
0x00007ffd8e6d8e10:   18 00 75 05 e8 5f 47 56 00 b8 20 00 00 00 48 8b
0x00007ffd8e6d8e20:   04 18 48 8b 88 70 06 00 00 48 8b 99 80 00 00 00 


Stack slot to memory mapping:

stack at sp + 0 slots: 0x0 is null
stack at sp + 1 slots: 0x0 is null
stack at sp + 2 slots: 0x0 is null
stack at sp + 3 slots: 0x0 is null
stack at sp + 4 slots: 0x0000000000002169 is an unknown value
stack at sp + 5 slots: 0x00007ffd8e6d41e7 jvm.dll
stack at sp + 6 slots: 0x0000027d32bc3130 points into unknown readable memory: 0x0000002d0000002a | 2a 00 00 00 2d 00 00 00
stack at sp + 7 slots: 0x000000e7061fcee0 is pointing into the stack for thread: 0x0000027d784114b0

Lock stack of current Java thread (top to bottom):


---------------  P R O C E S S  ---------------

Threads class SMR info:
_java_thread_list=0x0000027d792ddda0, length=14, elements={
0x0000027d114e3f10, 0x0000027d32258f60, 0x0000027d3225c7f0, 0x0000027d322607f0,
0x0000027d32261250, 0x0000027d322636f0, 0x0000027d32264fa0, 0x0000027d32278750,
0x0000027d3229a060, 0x0000027d323dae00, 0x0000027d323e82f0, 0x0000027d7908bda0,
0x0000027d798b0220, 0x0000027d784114b0
}

Java Threads: ( => current thread )
  0x0000027d114e3f10 JavaThread "main"                              [_thread_in_Java, id=21712, stack(0x000000e704500000,0x000000e704600000) (1024K)]
  0x0000027d32258f60 JavaThread "Reference Handler"          daemon [_thread_blocked, id=20560, stack(0x000000e704d00000,0x000000e704e00000) (1024K)]
  0x0000027d3225c7f0 JavaThread "Finalizer"                  daemon [_thread_blocked, id=23512, stack(0x000000e704e00000,0x000000e704f00000) (1024K)]
  0x0000027d322607f0 JavaThread "Signal Dispatcher"          daemon [_thread_blocked, id=17016, stack(0x000000e704f00000,0x000000e705000000) (1024K)]
  0x0000027d32261250 JavaThread "Attach Listener"            daemon [_thread_blocked, id=19936, stack(0x000000e705000000,0x000000e705100000) (1024K)]
  0x0000027d322636f0 JavaThread "Service Thread"             daemon [_thread_blocked, id=16280, stack(0x000000e705100000,0x000000e705200000) (1024K)]
  0x0000027d32264fa0 JavaThread "Monitor Deflation Thread"   daemon [_thread_blocked, id=5400, stack(0x000000e705200000,0x000000e705300000) (1024K)]
  0x0000027d32278750 JavaThread "C2 CompilerThread0"         daemon [_thread_in_native, id=15460, stack(0x000000e705300000,0x000000e705400000) (1024K)]
  0x0000027d3229a060 JavaThread "C1 CompilerThread0"         daemon [_thread_in_vm, id=21200, stack(0x000000e705400000,0x000000e705500000) (1024K)]
  0x0000027d323dae00 JavaThread "Notification Thread"        daemon [_thread_blocked, id=25164, stack(0x000000e705500000,0x000000e705600000) (1024K)]
  0x0000027d323e82f0 JavaThread "Common-Cleaner"             daemon [_thread_blocked, id=25728, stack(0x000000e705600000,0x000000e705700000) (1024K)]
  0x0000027d7908bda0 JavaThread "Thread-1"                   daemon [_thread_blocked, id=628, stack(0x000000e705800000,0x000000e705900000) (1024K)]
  0x0000027d798b0220 JavaThread "C2 CompilerThread1"         daemon [_thread_in_native, id=20168, stack(0x000000e705700000,0x000000e705800000) (1024K)]
=>0x0000027d784114b0 JavaThread "C2 CompilerThread2"         daemon [_thread_in_native, id=14952, stack(0x000000e706100000,0x000000e706200000) (1024K)]
Total: 14

Other Threads:
  0x0000027d3223f890 VMThread "VM Thread"                           [id=4532, stack(0x000000e704c00000,0x000000e704d00000) (1024K)]
  0x0000027d3222e920 WatcherThread "VM Periodic Task Thread"        [id=4860, stack(0x000000e704b00000,0x000000e704c00000) (1024K)]
  0x0000027d13879640 WorkerThread "GC Thread#0"                     [id=8604, stack(0x000000e704600000,0x000000e704700000) (1024K)]
  0x0000027d78b5eae0 WorkerThread "GC Thread#1"                     [id=11532, stack(0x000000e705900000,0x000000e705a00000) (1024K)]
  0x0000027d78b75370 WorkerThread "GC Thread#2"                     [id=8428, stack(0x000000e705a00000,0x000000e705b00000) (1024K)]
  0x0000027d78e91810 WorkerThread "GC Thread#3"                     [id=22948, stack(0x000000e705b00000,0x000000e705c00000) (1024K)]
  0x0000027d78b51960 WorkerThread "GC Thread#4"                     [id=19768, stack(0x000000e705c00000,0x000000e705d00000) (1024K)]
  0x0000027d7889b6d0 WorkerThread "GC Thread#5"                     [id=14168, stack(0x000000e705d00000,0x000000e705e00000) (1024K)]
  0x0000027d7889ba80 WorkerThread "GC Thread#6"                     [id=2200, stack(0x000000e705e00000,0x000000e705f00000) (1024K)]
  0x0000027d7889c230 WorkerThread "GC Thread#7"                     [id=12544, stack(0x000000e705f00000,0x000000e706000000) (1024K)]
  0x0000027d1388daa0 ConcurrentGCThread "G1 Main Marker"            [id=7284, stack(0x000000e704700000,0x000000e704800000) (1024K)]
  0x0000027d1388ec60 WorkerThread "G1 Conc#0"                       [id=19528, stack(0x000000e704800000,0x000000e704900000) (1024K)]
  0x0000027d7839aba0 WorkerThread "G1 Conc#1"                       [id=14896, stack(0x000000e706000000,0x000000e706100000) (1024K)]
  0x0000027d138de8e0 ConcurrentGCThread "G1 Refine#0"               [id=24624, stack(0x000000e704900000,0x000000e704a00000) (1024K)]
  0x0000027d320fa520 ConcurrentGCThread "G1 Service"                [id=23108, stack(0x000000e704a00000,0x000000e704b00000) (1024K)]
Total: 15

Threads with active compile tasks:
C2 CompilerThread0  14307 6801   !   4       lombok.core.AST::buildWithField0 (121 bytes)
C1 CompilerThread0  14307 7344   !   2       com.sun.tools.javac.comp.Resolve::selectBest (552 bytes)
C2 CompilerThread1  14307 6800       4       lombok.core.AST::buildWithField (21 bytes)
C2 CompilerThread2  14307 6792       4       lombok.javac.JavacAST::buildStatementOrExpression (120 bytes)
Total: 4

VM state: not at safepoint (normal execution)

VM Mutex/Monitor currently owned by a thread: None

Heap address: 0x0000000721c00000, size: 3556 MB, Compressed Oops mode: Zero based, Oop shift amount: 3

CDS archive(s) mapped at: [0x0000027d33000000-0x0000027d33d70000-0x0000027d33d70000), size 14090240, SharedBaseAddress: 0x0000027d33000000, ArchiveRelocationMode: 1.
Compressed class space mapped at: 0x0000027d34000000-0x0000027d74000000, reserved size: 1073741824
Narrow klass base: 0x0000027d33000000, Narrow klass shift: 0, Narrow klass range: 0x41000000

GC Precious Log:
 CardTable entry size: 512
 Card Set container configuration: InlinePtr #cards 4 size 8 Array Of Cards #cards 16 size 48 Howl #buckets 8 coarsen threshold 3686 Howl Bitmap #cards 512 size 80 coarsen threshold 460 Card regions per heap region 1 cards per card region 4096
 CPUs: 8 total, 8 available
 Memory: 14222M
 Large Page Support: Disabled
 NUMA Support: Disabled
 Compressed Oops: Enabled (Zero based)
 Heap Region Size: 2M
 Heap Min Capacity: 8M
 Heap Initial Capacity: 224M
 Heap Max Capacity: 3556M
 Pre-touch: Disabled
 Parallel Workers: 8
 Concurrent Workers: 2
 Concurrent Refinement Workers: 8
 Periodic GC: Disabled

Heap:
 garbage-first heap   total reserved 3641344K, committed 112640K, used 55705K [0x0000000721c00000, 0x0000000800000000)
  region size 2048K, 10 young (20480K), 1 survivors (2048K)
 Metaspace       used 29706K, committed 30144K, reserved 1114112K
  class space    used 3494K, committed 3712K, reserved 1048576K

Heap Regions: E=young(eden), S=young(survivor), O=old, HS=humongous(starts), HC=humongous(continues), CS=collection set, F=free, TAMS=top-at-mark-start, PB=parsable bottom
|   0|0x0000000721c00000, 0x0000000721e00000, 0x0000000721e00000|100%| O|  |TAMS 0x0000000721c00000| PB 0x0000000721c00000| Untracked |  0
|   1|0x0000000721e00000, 0x0000000722000000, 0x0000000722000000|100%| O|  |TAMS 0x0000000721e00000| PB 0x0000000721e00000| Untracked |  0
|   2|0x0000000722000000, 0x0000000722200000, 0x0000000722200000|100%| O|  |TAMS 0x0000000722000000| PB 0x0000000722000000| Untracked |  0
|   3|0x0000000722200000, 0x0000000722400000, 0x0000000722400000|100%| O|  |TAMS 0x0000000722200000| PB 0x0000000722200000| Untracked |  0
|   4|0x0000000722400000, 0x0000000722600000, 0x0000000722600000|100%|HS|  |TAMS 0x0000000722400000| PB 0x0000000722400000| Complete |  0
|   5|0x0000000722600000, 0x0000000722800000, 0x0000000722800000|100%| O|  |TAMS 0x0000000722600000| PB 0x0000000722600000| Untracked |  0
|   6|0x0000000722800000, 0x0000000722a00000, 0x0000000722a00000|100%| O|  |TAMS 0x0000000722800000| PB 0x0000000722800000| Untracked |  0
|   7|0x0000000722a00000, 0x0000000722c00000, 0x0000000722c00000|100%| O|  |TAMS 0x0000000722a00000| PB 0x0000000722a00000| Untracked |  0
|   8|0x0000000722c00000, 0x0000000722e00000, 0x0000000722e00000|100%| O|  |TAMS 0x0000000722c00000| PB 0x0000000722c00000| Untracked |  0
|   9|0x0000000722e00000, 0x0000000723000000, 0x0000000723000000|100%| O|  |TAMS 0x0000000722e00000| PB 0x0000000722e00000| Untracked |  0
|  10|0x0000000723000000, 0x0000000723200000, 0x0000000723200000|100%| O|  |TAMS 0x0000000723000000| PB 0x0000000723000000| Untracked |  0
|  11|0x0000000723200000, 0x0000000723400000, 0x0000000723400000|100%| O|  |TAMS 0x0000000723200000| PB 0x0000000723200000| Untracked |  0
|  12|0x0000000723400000, 0x0000000723600000, 0x0000000723600000|100%| O|  |TAMS 0x0000000723400000| PB 0x0000000723400000| Untracked |  0
|  13|0x0000000723600000, 0x0000000723600000, 0x0000000723800000|  0%| F|  |TAMS 0x0000000723600000| PB 0x0000000723600000| Untracked |  0
|  14|0x0000000723800000, 0x0000000723800000, 0x0000000723a00000|  0%| F|  |TAMS 0x0000000723800000| PB 0x0000000723800000| Untracked |  0
|  15|0x0000000723a00000, 0x0000000723a00000, 0x0000000723c00000|  0%| F|  |TAMS 0x0000000723a00000| PB 0x0000000723a00000| Untracked |  0
|  16|0x0000000723c00000, 0x0000000723e00000, 0x0000000723e00000|100%| S|CS|TAMS 0x0000000723c00000| PB 0x0000000723c00000| Complete |  0
|  17|0x0000000723e00000, 0x0000000723e00000, 0x0000000724000000|  0%| F|  |TAMS 0x0000000723e00000| PB 0x0000000723e00000| Untracked |  0
|  18|0x0000000724000000, 0x0000000724000000, 0x0000000724200000|  0%| F|  |TAMS 0x0000000724000000| PB 0x0000000724000000| Untracked |  0
|  19|0x0000000724200000, 0x0000000724400000, 0x0000000724400000|100%| O|  |TAMS 0x0000000724200000| PB 0x0000000724200000| Untracked |  0
|  20|0x0000000724400000, 0x0000000724600000, 0x0000000724600000|100%| O|  |TAMS 0x0000000724400000| PB 0x0000000724400000| Untracked |  0
|  21|0x0000000724600000, 0x0000000724800000, 0x0000000724800000|100%| O|  |TAMS 0x0000000724600000| PB 0x0000000724600000| Untracked |  0
|  22|0x0000000724800000, 0x0000000724866660, 0x0000000724a00000| 19%| O|  |TAMS 0x0000000724800000| PB 0x0000000724800000| Untracked |  0
|  23|0x0000000724a00000, 0x0000000724a00000, 0x0000000724c00000|  0%| F|  |TAMS 0x0000000724a00000| PB 0x0000000724a00000| Untracked |  0
|  24|0x0000000724c00000, 0x0000000724c00000, 0x0000000724e00000|  0%| F|  |TAMS 0x0000000724c00000| PB 0x0000000724c00000| Untracked |  0
|  25|0x0000000724e00000, 0x0000000724e00000, 0x0000000725000000|  0%| F|  |TAMS 0x0000000724e00000| PB 0x0000000724e00000| Untracked |  0
|  26|0x0000000725000000, 0x0000000725000000, 0x0000000725200000|  0%| F|  |TAMS 0x0000000725000000| PB 0x0000000725000000| Untracked |  0
|  27|0x0000000725200000, 0x0000000725200000, 0x0000000725400000|  0%| F|  |TAMS 0x0000000725200000| PB 0x0000000725200000| Untracked |  0
|  28|0x0000000725400000, 0x0000000725400000, 0x0000000725600000|  0%| F|  |TAMS 0x0000000725400000| PB 0x0000000725400000| Untracked |  0
|  29|0x0000000725600000, 0x0000000725600000, 0x0000000725800000|  0%| F|  |TAMS 0x0000000725600000| PB 0x0000000725600000| Untracked |  0
|  30|0x0000000725800000, 0x0000000725800000, 0x0000000725a00000|  0%| F|  |TAMS 0x0000000725800000| PB 0x0000000725800000| Untracked |  0
|  31|0x0000000725a00000, 0x0000000725a00000, 0x0000000725c00000|  0%| F|  |TAMS 0x0000000725a00000| PB 0x0000000725a00000| Untracked |  0
|  32|0x0000000725c00000, 0x0000000725c00000, 0x0000000725e00000|  0%| F|  |TAMS 0x0000000725c00000| PB 0x0000000725c00000| Untracked |  0
|  33|0x0000000725e00000, 0x0000000725e00000, 0x0000000726000000|  0%| F|  |TAMS 0x0000000725e00000| PB 0x0000000725e00000| Untracked |  0
|  34|0x0000000726000000, 0x0000000726000000, 0x0000000726200000|  0%| F|  |TAMS 0x0000000726000000| PB 0x0000000726000000| Untracked |  0
|  35|0x0000000726200000, 0x0000000726200000, 0x0000000726400000|  0%| F|  |TAMS 0x0000000726200000| PB 0x0000000726200000| Untracked |  0
|  36|0x0000000726400000, 0x0000000726400000, 0x0000000726600000|  0%| F|  |TAMS 0x0000000726400000| PB 0x0000000726400000| Untracked |  0
|  37|0x0000000726600000, 0x0000000726600000, 0x0000000726800000|  0%| F|  |TAMS 0x0000000726600000| PB 0x0000000726600000| Untracked |  0
|  38|0x0000000726800000, 0x0000000726800000, 0x0000000726a00000|  0%| F|  |TAMS 0x0000000726800000| PB 0x0000000726800000| Untracked |  0
|  39|0x0000000726a00000, 0x0000000726a00000, 0x0000000726c00000|  0%| F|  |TAMS 0x0000000726a00000| PB 0x0000000726a00000| Untracked |  0
|  40|0x0000000726c00000, 0x0000000726c00000, 0x0000000726e00000|  0%| F|  |TAMS 0x0000000726c00000| PB 0x0000000726c00000| Untracked |  0
|  41|0x0000000726e00000, 0x0000000726e00000, 0x0000000727000000|  0%| F|  |TAMS 0x0000000726e00000| PB 0x0000000726e00000| Untracked |  0
|  42|0x0000000727000000, 0x0000000727000000, 0x0000000727200000|  0%| F|  |TAMS 0x0000000727000000| PB 0x0000000727000000| Untracked |  0
|  43|0x0000000727200000, 0x0000000727200000, 0x0000000727400000|  0%| F|  |TAMS 0x0000000727200000| PB 0x0000000727200000| Untracked |  0
|  44|0x0000000727400000, 0x0000000727600000, 0x0000000727600000|100%| E|  |TAMS 0x0000000727400000| PB 0x0000000727400000| Complete |  0
|  45|0x0000000727600000, 0x0000000727800000, 0x0000000727800000|100%| E|CS|TAMS 0x0000000727600000| PB 0x0000000727600000| Complete |  0
|  46|0x0000000727800000, 0x0000000727a00000, 0x0000000727a00000|100%| E|CS|TAMS 0x0000000727800000| PB 0x0000000727800000| Complete |  0
|  47|0x0000000727a00000, 0x0000000727c00000, 0x0000000727c00000|100%| E|CS|TAMS 0x0000000727a00000| PB 0x0000000727a00000| Complete |  0
|  92|0x000000072d400000, 0x000000072d600000, 0x000000072d600000|100%| E|CS|TAMS 0x000000072d400000| PB 0x000000072d400000| Complete |  0
|  93|0x000000072d600000, 0x000000072d800000, 0x000000072d800000|100%| E|CS|TAMS 0x000000072d600000| PB 0x000000072d600000| Complete |  0
|  94|0x000000072d800000, 0x000000072da00000, 0x000000072da00000|100%| E|CS|TAMS 0x000000072d800000| PB 0x000000072d800000| Complete |  0
|  95|0x000000072da00000, 0x000000072dc00000, 0x000000072dc00000|100%| E|CS|TAMS 0x000000072da00000| PB 0x000000072da00000| Complete |  0
| 111|0x000000072fa00000, 0x000000072fc00000, 0x000000072fc00000|100%| E|CS|TAMS 0x000000072fa00000| PB 0x000000072fa00000| Complete |  0
|1776|0x00000007ffc00000, 0x00000007ffe00000, 0x00000007ffe00000|100%| O|  |TAMS 0x00000007ffc00000| PB 0x00000007ffc00000| Untracked |  0
|1777|0x00000007ffe00000, 0x0000000800000000, 0x0000000800000000|100%| O|  |TAMS 0x00000007ffe00000| PB 0x00000007ffe00000| Untracked |  0

Card table byte_map: [0x0000027d2b990000,0x0000027d2c090000] _byte_map_base: 0x0000027d28082000

Marking Bits: (CMBitMap*) 0x0000027d13879c60
 Bits: [0x0000027d2c090000, 0x0000027d2f820000)

Polling page: 0x0000027d11840000

Metaspace:

Usage:
  Non-class:     25.60 MB used.
      Class:      3.41 MB used.
       Both:     29.02 MB used.

Virtual space:
  Non-class space:       64.00 MB reserved,      25.88 MB ( 40%) committed,  1 nodes.
      Class space:        1.00 GB reserved,       3.62 MB ( <1%) committed,  1 nodes.
             Both:        1.06 GB reserved,      29.50 MB (  3%) committed. 

Chunk freelists:
   Non-Class:  5.36 MB
       Class:  12.39 MB
        Both:  17.75 MB

MaxMetaspaceSize: unlimited
CompressedClassSpaceSize: 1.00 GB
Initial GC threshold: 21.00 MB
Current GC threshold: 35.56 MB
CDS: on
 - commit_granule_bytes: 65536.
 - commit_granule_words: 8192.
 - virtual_space_node_default_size: 8388608.
 - enlarge_chunks_in_place: 1.
 - use_allocation_guard: 0.


Internal statistics:

num_allocs_failed_limit: 3.
num_arena_births: 512.
num_arena_deaths: 0.
num_vsnodes_births: 2.
num_vsnodes_deaths: 0.
num_space_committed: 472.
num_space_uncommitted: 0.
num_chunks_returned_to_freelist: 3.
num_chunks_taken_from_freelist: 1608.
num_chunk_merges: 3.
num_chunk_splits: 1123.
num_chunks_enlarged: 835.
num_inconsistent_stats: 0.

CodeHeap 'non-profiled nmethods': size=120064Kb used=2960Kb max_used=2960Kb free=117103Kb
 bounds [0x0000027d23a20000, 0x0000027d23d10000, 0x0000027d2af60000]
CodeHeap 'profiled nmethods': size=120000Kb used=12187Kb max_used=12187Kb free=107812Kb
 bounds [0x0000027d1bf60000, 0x0000027d1cb50000, 0x0000027d23490000]
CodeHeap 'non-nmethods': size=5696Kb used=1477Kb max_used=1513Kb free=4218Kb
 bounds [0x0000027d23490000, 0x0000027d23700000, 0x0000027d23a20000]
CodeCache: size=245760Kb, used=16624Kb, max_used=16660Kb, free=229133Kb
 total_blobs=7874, nmethods=7303, adapters=474, full_count=0
Compilation: enabled, stopped_count=0, restarted_count=0

Compilation events (20 events):
Event: 13.927 Thread 0x0000027d3229a060 7222       2       lombok.javac.JavacTreeMaker::VarDef (65 bytes)
Event: 13.928 Thread 0x0000027d3229a060 nmethod 7222 0x0000027d1cb1c288 code [0x0000027d1cb1c3e0, 0x0000027d1cb1c980]
Event: 13.928 Thread 0x0000027d3229a060 7223       2       java.lang.invoke.LambdaForm$DMH/0x0000027d34387400::invokeVirtual (22 bytes)
Event: 13.928 Thread 0x0000027d3229a060 nmethod 7223 0x0000027d1cb1ca08 code [0x0000027d1cb1cb40, 0x0000027d1cb1ccb0]
Event: 13.933 Thread 0x0000027d3229a060 7225       2       com.sun.tools.javac.tree.TreeMaker::Return (19 bytes)
Event: 13.934 Thread 0x0000027d3229a060 nmethod 7225 0x0000027d1cb1cd08 code [0x0000027d1cb1ce20, 0x0000027d1cb1cfe0]
Event: 13.934 Thread 0x0000027d3229a060 7226       2       com.sun.tools.javac.tree.JCTree$JCReturn::<init> (10 bytes)
Event: 13.934 Thread 0x0000027d3229a060 nmethod 7226 0x0000027d1cb1d088 code [0x0000027d1cb1d1a0, 0x0000027d1cb1d2f8]
Event: 13.935 Thread 0x0000027d3229a060 7227       2       lombok.javac.JavacTreeMaker::Modifiers (26 bytes)
Event: 13.935 Thread 0x0000027d3229a060 nmethod 7227 0x0000027d1cb1d388 code [0x0000027d1cb1d4e0, 0x0000027d1cb1d8e0]
Event: 13.944 Thread 0x0000027d3229a060 7228       2       lombok.core.handlers.HandlerUtil::toAllAccessorNames (338 bytes)
Event: 13.949 Thread 0x0000027d3229a060 nmethod 7228 0x0000027d1cb1d988 code [0x0000027d1cb1dcc0, 0x0000027d1cb1efe0]
Event: 13.949 Thread 0x0000027d3229a060 7229       2       lombok.javac.handlers.JavacHandlerUtil::getGeneratedBy (11 bytes)
Event: 13.950 Thread 0x0000027d3229a060 nmethod 7229 0x0000027d1cb1f108 code [0x0000027d1cb1f240, 0x0000027d1cb1f620]
Event: 13.960 Thread 0x0000027d3229a060 7231       2       java.lang.invoke.LambdaForm$MH/0x0000027d34376000::invoke (42 bytes)
Event: 13.961 Thread 0x0000027d3229a060 nmethod 7231 0x0000027d1cb1f688 code [0x0000027d1cb1f7e0, 0x0000027d1cb1fc18]
Event: 13.961 Thread 0x0000027d3229a060 7232       2       java.lang.invoke.LambdaForm$MH/0x0000027d34376400::invoke (42 bytes)
Event: 13.962 Thread 0x0000027d3229a060 nmethod 7232 0x0000027d1cb1fd08 code [0x0000027d1cb1fe60, 0x0000027d1cb20298]
Event: 13.963 Thread 0x0000027d3229a060 7233       2       lombok.javac.JavacImportList::getFullyQualifiedNameForSimpleNameNoAliasing (90 bytes)
Event: 13.965 Thread 0x0000027d3229a060 nmethod 7233 0x0000027d1cb20388 code [0x0000027d1cb205a0, 0x0000027d1cb20d98]

GC Heap History (14 events):
Event: 1.478 GC heap before
{Heap before GC invocations=0 (full 0):
 garbage-first heap   total reserved 3641344K, committed 229376K, used 24576K [0x0000000721c00000, 0x0000000800000000)
  region size 2048K, 12 young (24576K), 0 survivors (0K)
 Metaspace       used 5957K, committed 6144K, reserved 1114112K
  class space    used 735K, committed 832K, reserved 1048576K
}
Event: 1.488 GC heap after
{Heap after GC invocations=1 (full 0):
 garbage-first heap   total reserved 3641344K, committed 229376K, used 4003K [0x0000000721c00000, 0x0000000800000000)
  region size 2048K, 2 young (4096K), 2 survivors (4096K)
 Metaspace       used 5957K, committed 6144K, reserved 1114112K
  class space    used 735K, committed 832K, reserved 1048576K
}
Event: 2.441 GC heap before
{Heap before GC invocations=1 (full 0):
 garbage-first heap   total reserved 3641344K, committed 229376K, used 26531K [0x0000000721c00000, 0x0000000800000000)
  region size 2048K, 13 young (26624K), 2 survivors (4096K)
 Metaspace       used 8706K, committed 8896K, reserved 1114112K
  class space    used 1065K, committed 1152K, reserved 1048576K
}
Event: 2.448 GC heap after
{Heap after GC invocations=2 (full 0):
 garbage-first heap   total reserved 3641344K, committed 229376K, used 5065K [0x0000000721c00000, 0x0000000800000000)
  region size 2048K, 1 young (2048K), 1 survivors (2048K)
 Metaspace       used 8706K, committed 8896K, reserved 1114112K
  class space    used 1065K, committed 1152K, reserved 1048576K
}
Event: 5.195 GC heap before
{Heap before GC invocations=2 (full 0):
 garbage-first heap   total reserved 3641344K, committed 229376K, used 66505K [0x0000000721c00000, 0x0000000800000000)
  region size 2048K, 31 young (63488K), 1 survivors (2048K)
 Metaspace       used 15975K, committed 16192K, reserved 1114112K
  class space    used 1954K, committed 2048K, reserved 1048576K
}
Event: 5.214 GC heap after
{Heap after GC invocations=3 (full 0):
 garbage-first heap   total reserved 3641344K, committed 229376K, used 12548K [0x0000000721c00000, 0x0000000800000000)
  region size 2048K, 4 young (8192K), 4 survivors (8192K)
 Metaspace       used 15975K, committed 16192K, reserved 1114112K
  class space    used 1954K, committed 2048K, reserved 1048576K
}
Event: 7.367 GC heap before
{Heap before GC invocations=3 (full 0):
 garbage-first heap   total reserved 3641344K, committed 229376K, used 102660K [0x0000000721c00000, 0x0000000800000000)
  region size 2048K, 32 young (65536K), 4 survivors (8192K)
 Metaspace       used 17544K, committed 17792K, reserved 1114112K
  class space    used 2096K, committed 2176K, reserved 1048576K
}
Event: 7.386 GC heap after
{Heap after GC invocations=4 (full 0):
 garbage-first heap   total reserved 3641344K, committed 229376K, used 16295K [0x0000000721c00000, 0x0000000800000000)
  region size 2048K, 2 young (4096K), 2 survivors (4096K)
 Metaspace       used 17544K, committed 17792K, reserved 1114112K
  class space    used 2096K, committed 2176K, reserved 1048576K
}
Event: 9.071 GC heap before
{Heap before GC invocations=4 (full 0):
 garbage-first heap   total reserved 3641344K, committed 229376K, used 51111K [0x0000000721c00000, 0x0000000800000000)
  region size 2048K, 18 young (36864K), 2 survivors (4096K)
 Metaspace       used 21247K, committed 21504K, reserved 1114112K
  class space    used 2563K, committed 2688K, reserved 1048576K
}
Event: 9.082 GC heap after
{Heap after GC invocations=5 (full 0):
 garbage-first heap   total reserved 3641344K, committed 229376K, used 24880K [0x0000000721c00000, 0x0000000800000000)
  region size 2048K, 4 young (8192K), 4 survivors (8192K)
 Metaspace       used 21247K, committed 21504K, reserved 1114112K
  class space    used 2563K, committed 2688K, reserved 1048576K
}
Event: 12.064 GC heap before
{Heap before GC invocations=6 (full 0):
 garbage-first heap   total reserved 3641344K, committed 90112K, used 88368K [0x0000000721c00000, 0x0000000800000000)
  region size 2048K, 35 young (71680K), 4 survivors (8192K)
 Metaspace       used 27662K, committed 28096K, reserved 1114112K
  class space    used 3265K, committed 3456K, reserved 1048576K
}
Event: 12.090 GC heap after
{Heap after GC invocations=7 (full 0):
 garbage-first heap   total reserved 3641344K, committed 112640K, used 36266K [0x0000000721c00000, 0x0000000800000000)
  region size 2048K, 9 young (18432K), 9 survivors (18432K)
 Metaspace       used 27662K, committed 28096K, reserved 1114112K
  class space    used 3265K, committed 3456K, reserved 1048576K
}
Event: 13.795 GC heap before
{Heap before GC invocations=7 (full 0):
 garbage-first heap   total reserved 3641344K, committed 112640K, used 83370K [0x0000000721c00000, 0x0000000800000000)
  region size 2048K, 32 young (65536K), 9 survivors (18432K)
 Metaspace       used 29535K, committed 30016K, reserved 1114112K
  class space    used 3480K, committed 3712K, reserved 1048576K
}
Event: 13.843 GC heap after
{Heap after GC invocations=8 (full 0):
 garbage-first heap   total reserved 3641344K, committed 112640K, used 39321K [0x0000000721c00000, 0x0000000800000000)
  region size 2048K, 1 young (2048K), 1 survivors (2048K)
 Metaspace       used 29535K, committed 30016K, reserved 1114112K
  class space    used 3480K, committed 3712K, reserved 1048576K
}

Dll operation events (8 events):
Event: 0.020 Loaded shared library C:\Program Files\Java\jdk-23\bin\java.dll
Event: 0.070 Loaded shared library C:\Program Files\Java\jdk-23\bin\jsvml.dll
Event: 0.107 Loaded shared library C:\Program Files\Java\jdk-23\bin\net.dll
Event: 0.111 Loaded shared library C:\Program Files\Java\jdk-23\bin\nio.dll
Event: 0.119 Loaded shared library C:\Program Files\Java\jdk-23\bin\zip.dll
Event: 0.427 Loaded shared library C:\Program Files\Java\jdk-23\bin\jimage.dll
Event: 0.430 Loaded shared library C:\Users\Eliqn\apache-maven-3.9.9\lib\jansi-native\Windows\x86_64\jansi.dll
Event: 0.469 Loaded shared library C:\Program Files\Java\jdk-23\bin\verify.dll

Deoptimization events (20 events):
Event: 13.246 Thread 0x0000027d114e3f10 Uncommon trap: trap_request=0xffffffde fr.pc=0x0000027d23cc0f18 relative=0x0000000000001078
Event: 13.246 Thread 0x0000027d114e3f10 Uncommon trap: reason=class_check action=maybe_recompile pc=0x0000027d23cc0f18 method=com.sun.tools.javac.code.DeferredCompletionFailureHandler.classSymbolCompleteFailed(Lcom/sun/tools/javac/code/Symbol$ClassSymbol;Lcom/sun/tools/javac/code/Symbol$Complet
Event: 13.246 Thread 0x0000027d114e3f10 DEOPT PACKING pc=0x0000027d23cc0f18 sp=0x000000e7045fb810
Event: 13.246 Thread 0x0000027d114e3f10 DEOPT UNPACKING pc=0x0000027d234e4402 sp=0x000000e7045fb788 mode 2
Event: 13.246 Thread 0x0000027d114e3f10 Uncommon trap: trap_request=0xffffffde fr.pc=0x0000027d23cc0f18 relative=0x0000000000001078
Event: 13.246 Thread 0x0000027d114e3f10 Uncommon trap: reason=class_check action=maybe_recompile pc=0x0000027d23cc0f18 method=com.sun.tools.javac.code.DeferredCompletionFailureHandler.classSymbolCompleteFailed(Lcom/sun/tools/javac/code/Symbol$ClassSymbol;Lcom/sun/tools/javac/code/Symbol$Complet
Event: 13.246 Thread 0x0000027d114e3f10 DEOPT PACKING pc=0x0000027d23cc0f18 sp=0x000000e7045fb810
Event: 13.246 Thread 0x0000027d114e3f10 DEOPT UNPACKING pc=0x0000027d234e4402 sp=0x000000e7045fb788 mode 2
Event: 13.495 Thread 0x0000027d114e3f10 Uncommon trap: trap_request=0xffffffbe fr.pc=0x0000027d23b00c10 relative=0x00000000000011f0
Event: 13.495 Thread 0x0000027d114e3f10 Uncommon trap: reason=profile_predicate action=maybe_recompile pc=0x0000027d23b00c10 method=java.util.TimSort.binarySort([Ljava/lang/Object;IIILjava/util/Comparator;)V @ 34 c2
Event: 13.495 Thread 0x0000027d114e3f10 DEOPT PACKING pc=0x0000027d23b00c10 sp=0x000000e7045fc9c0
Event: 13.495 Thread 0x0000027d114e3f10 DEOPT UNPACKING pc=0x0000027d234e4402 sp=0x000000e7045fc990 mode 2
Event: 13.546 Thread 0x0000027d114e3f10 Uncommon trap: trap_request=0xffffff45 fr.pc=0x0000027d23cc52b8 relative=0x0000000000000098
Event: 13.546 Thread 0x0000027d114e3f10 Uncommon trap: reason=unstable_if action=reinterpret pc=0x0000027d23cc52b8 method=com.sun.tools.javac.code.Scope$ScopeImpl$2.hasNext()Z @ 69 c2
Event: 13.546 Thread 0x0000027d114e3f10 DEOPT PACKING pc=0x0000027d23cc52b8 sp=0x000000e7045fc310
Event: 13.546 Thread 0x0000027d114e3f10 DEOPT UNPACKING pc=0x0000027d234e4402 sp=0x000000e7045fc2a0 mode 2
Event: 13.687 Thread 0x0000027d114e3f10 Uncommon trap: trap_request=0xffffffbe fr.pc=0x0000027d23b00c10 relative=0x00000000000011f0
Event: 13.687 Thread 0x0000027d114e3f10 Uncommon trap: reason=profile_predicate action=maybe_recompile pc=0x0000027d23b00c10 method=java.util.TimSort.binarySort([Ljava/lang/Object;IIILjava/util/Comparator;)V @ 34 c2
Event: 13.687 Thread 0x0000027d114e3f10 DEOPT PACKING pc=0x0000027d23b00c10 sp=0x000000e7045fc9c0
Event: 13.687 Thread 0x0000027d114e3f10 DEOPT UNPACKING pc=0x0000027d234e4402 sp=0x000000e7045fc990 mode 2

Classes loaded (20 events):
Event: 12.235 Loading class java/io/PushbackInputStream
Event: 12.235 Loading class java/io/PushbackInputStream done
Event: 12.632 Loading class java/util/Collections$UnmodifiableSortedSet
Event: 12.632 Loading class java/util/Collections$UnmodifiableSortedSet done
Event: 12.647 Loading class java/util/IdentityHashMap$EntrySet
Event: 12.647 Loading class java/util/IdentityHashMap$EntrySet done
Event: 12.647 Loading class java/util/IdentityHashMap$EntryIterator
Event: 12.647 Loading class java/util/IdentityHashMap$EntryIterator done
Event: 12.647 Loading class java/util/IdentityHashMap$EntryIterator$Entry
Event: 12.647 Loading class java/util/IdentityHashMap$EntryIterator$Entry done
Event: 12.690 Loading class java/util/regex/Pattern$Caret
Event: 12.690 Loading class java/util/regex/Pattern$Caret done
Event: 13.016 Loading class java/util/regex/Pattern$SliceI
Event: 13.016 Loading class java/util/regex/Pattern$SliceI done
Event: 13.195 Loading class java/util/regex/Pattern$Loop
Event: 13.195 Loading class java/util/regex/Pattern$Loop done
Event: 13.195 Loading class java/util/regex/Pattern$Prolog
Event: 13.195 Loading class java/util/regex/Pattern$Prolog done
Event: 13.237 Loading class java/util/regex/Pattern$LazyLoop
Event: 13.238 Loading class java/util/regex/Pattern$LazyLoop done

Classes unloaded (0 events):
No events

Classes redefined (0 events):
No events

Internal exceptions (20 events):
Event: 11.386 Thread 0x0000027d114e3f10 Exception <a 'sun/nio/fs/WindowsException'{0x0000000723016768}> (0x0000000723016768) 
thrown [s\open\src\hotspot\share\prims\jni.cpp, line 520]
Event: 11.386 Thread 0x0000027d114e3f10 Exception <a 'sun/nio/fs/WindowsException'{0x000000072301a240}> (0x000000072301a240) 
thrown [s\open\src\hotspot\share\prims\jni.cpp, line 520]
Event: 11.387 Thread 0x0000027d114e3f10 Exception <a 'sun/nio/fs/WindowsException'{0x0000000723023d40}> (0x0000000723023d40) 
thrown [s\open\src\hotspot\share\prims\jni.cpp, line 520]
Event: 11.387 Thread 0x0000027d114e3f10 Exception <a 'sun/nio/fs/WindowsException'{0x0000000723024a20}> (0x0000000723024a20) 
thrown [s\open\src\hotspot\share\prims\jni.cpp, line 520]
Event: 11.640 Thread 0x0000027d114e3f10 Implicit null exception at 0x0000027d23b4094e to 0x0000027d23b40e08
Event: 13.092 Thread 0x0000027d114e3f10 Exception <a 'java/lang/NoSuchMethodError'{0x00000007259256e0}: 'java.lang.Object java.lang.invoke.DirectMethodHandle$Holder.invokeVirtual(java.lang.Object, java.lang.Object, long, java.lang.Object)'> (0x00000007259256e0) 
thrown [s\open\src\hotspot\share\interpreter\linkResolver.cpp, line 796]
Event: 13.093 Thread 0x0000027d114e3f10 Exception <a 'java/lang/NoSuchMethodError'{0x0000000725929578}: 'java.lang.Object java.lang.invoke.DirectMethodHandle$Holder.invokeSpecial(java.lang.Object, java.lang.Object, java.lang.Object, long, java.lang.Object)'> (0x0000000725929578) 
thrown [s\open\src\hotspot\share\interpreter\linkResolver.cpp, line 796]
Event: 13.094 Thread 0x0000027d114e3f10 Exception <a 'java/lang/NoSuchMethodError'{0x000000072592d500}: 'java.lang.Object java.lang.invoke.DelegatingMethodHandle$Holder.reinvoke_L(java.lang.Object, java.lang.Object, long, java.lang.Object)'> (0x000000072592d500) 
thrown [s\open\src\hotspot\share\interpreter\linkResolver.cpp, line 796]
Event: 13.100 Thread 0x0000027d114e3f10 Exception <a 'java/lang/NoSuchMethodError'{0x0000000725941f08}: 'java.lang.Object java.lang.invoke.DirectMethodHandle$Holder.invokeVirtual(java.lang.Object, java.lang.Object, java.lang.Object, java.lang.Object, java.lang.Object, java.lang.Object, java.lang.Object, java.lang.Object, java.lang.Object, java.lang.Object)'> (0x0000000725941f08) 
thrown [s\open\src\hotspot\share\interpreter\linkResolver.cpp, line 796]
Event: 13.110 Thread 0x0000027d114e3f10 Exception <a 'java/lang/NoSuchMethodError'{0x0000000725963740}: 'java.lang.Object java.lang.invoke.DirectMethodHandle$Holder.invokeStatic(java.lang.Object, java.lang.Object, int)'> (0x0000000725963740) 
thrown [s\open\src\hotspot\share\interpreter\linkResolver.cpp, line 796]
Event: 13.111 Thread 0x0000027d114e3f10 Exception <a 'java/lang/NoSuchMethodError'{0x0000000725967f50}: 'void java.lang.invoke.DirectMethodHandle$Holder.invokeStatic(java.lang.Object, java.lang.Object, int, java.lang.Object)'> (0x0000000725967f50) 
thrown [s\open\src\hotspot\share\interpreter\linkResolver.cpp, line 796]
Event: 13.113 Thread 0x0000027d114e3f10 Exception <a 'java/lang/NoSuchMethodError'{0x000000072596f6d0}: 'void java.lang.invoke.DelegatingMethodHandle$Holder.delegate(java.lang.Object, java.lang.Object, int, java.lang.Object)'> (0x000000072596f6d0) 
thrown [s\open\src\hotspot\share\interpreter\linkResolver.cpp, line 796]
Event: 13.124 Thread 0x0000027d114e3f10 Exception <a 'java/lang/NoSuchMethodError'{0x000000072598cc10}: 'void java.lang.invoke.DirectMethodHandle$Holder.invokeInterface(java.lang.Object, java.lang.Object, java.lang.Object, int)'> (0x000000072598cc10) 
thrown [s\open\src\hotspot\share\interpreter\linkResolver.cpp, line 796]
Event: 13.126 Thread 0x0000027d114e3f10 Exception <a 'java/lang/NoSuchMethodError'{0x0000000725994310}: 'void java.lang.invoke.DelegatingMethodHandle$Holder.reinvoke_L(java.lang.Object, java.lang.Object, java.lang.Object, int)'> (0x0000000725994310) 
thrown [s\open\src\hotspot\share\interpreter\linkResolver.cpp, line 796]
Event: 13.144 Thread 0x0000027d114e3f10 Exception <a 'java/lang/NoSuchMethodError'{0x00000007259c7b08}: 'java.lang.Object java.lang.invoke.DirectMethodHandle$Holder.invokeVirtual(java.lang.Object, java.lang.Object, java.lang.Object, java.lang.Object)'> (0x00000007259c7b08) 
thrown [s\open\src\hotspot\share\interpreter\linkResolver.cpp, line 796]
Event: 13.177 Thread 0x0000027d114e3f10 Exception <a 'java/lang/NoSuchMethodError'{0x000000072560f218}: 'void java.lang.invoke.DirectMethodHandle$Holder.invokeVirtual(java.lang.Object, java.lang.Object, java.lang.Object, java.lang.Object)'> (0x000000072560f218) 
thrown [s\open\src\hotspot\share\interpreter\linkResolver.cpp, line 796]
Event: 13.182 Thread 0x0000027d114e3f10 Implicit null exception at 0x0000027d23c9836e to 0x0000027d23c98d38
Event: 13.267 Thread 0x0000027d114e3f10 Exception <a 'java/lang/NoSuchMethodError'{0x00000007257d7d70}: 'java.lang.Object java.lang.invoke.DirectMethodHandle$Holder.invokeVirtual(java.lang.Object, java.lang.Object, java.lang.Object, java.lang.Object, java.lang.Object, java.lang.Object)'> (0x00000007257d7d70) 
thrown [s\open\src\hotspot\share\interpreter\linkResolver.cpp, line 796]
Event: 13.322 Thread 0x0000027d114e3f10 Exception <a 'java/lang/NoSuchMethodError'{0x000000072550c058}: 'java.lang.Object java.lang.invoke.DirectMethodHandle$Holder.invokeVirtual(java.lang.Object, java.lang.Object, java.lang.Object, java.lang.Object, java.lang.Object)'> (0x000000072550c058) 
thrown [s\open\src\hotspot\share\interpreter\linkResolver.cpp, line 796]
Event: 13.331 Thread 0x0000027d114e3f10 Exception <a 'java/lang/NoSuchMethodError'{0x0000000725543a90}: 'java.lang.Object java.lang.invoke.DirectMethodHandle$Holder.invokeVirtual(java.lang.Object, java.lang.Object, long)'> (0x0000000725543a90) 
thrown [s\open\src\hotspot\share\interpreter\linkResolver.cpp, line 796]

VM Operations (20 events):
Event: 8.765 Executing VM operation: HandshakeAllThreads (Deoptimize)
Event: 8.765 Executing VM operation: HandshakeAllThreads (Deoptimize) done
Event: 8.767 Executing VM operation: HandshakeAllThreads (Deoptimize)
Event: 8.767 Executing VM operation: HandshakeAllThreads (Deoptimize) done
Event: 9.071 Executing VM operation: CollectForMetadataAllocation (Metadata GC Threshold)
Event: 9.083 Executing VM operation: CollectForMetadataAllocation (Metadata GC Threshold) done
Event: 9.122 Executing VM operation: G1PauseRemark
Event: 9.128 Executing VM operation: G1PauseRemark done
Event: 9.138 Executing VM operation: G1PauseCleanup
Event: 9.147 Executing VM operation: G1PauseCleanup done
Event: 9.667 Executing VM operation: HandshakeAllThreads (Deoptimize)
Event: 9.667 Executing VM operation: HandshakeAllThreads (Deoptimize) done
Event: 10.771 Executing VM operation: HandshakeAllThreads (Deoptimize)
Event: 10.771 Executing VM operation: HandshakeAllThreads (Deoptimize) done
Event: 11.451 Executing VM operation: HandshakeAllThreads (Deoptimize)
Event: 11.451 Executing VM operation: HandshakeAllThreads (Deoptimize) done
Event: 12.064 Executing VM operation: G1CollectForAllocation (G1 Evacuation Pause)
Event: 12.090 Executing VM operation: G1CollectForAllocation (G1 Evacuation Pause) done
Event: 13.795 Executing VM operation: G1CollectForAllocation (G1 Evacuation Pause)
Event: 13.843 Executing VM operation: G1CollectForAllocation (G1 Evacuation Pause) done

Memory protections (0 events):
No events

Nmethod flushes (0 events):
No events

Events (20 events):
Event: 0.067 Thread 0x0000027d114e3f10 Thread added: 0x0000027d3229a060
Event: 0.097 Thread 0x0000027d114e3f10 Thread added: 0x0000027d323dae00
Event: 0.101 Thread 0x0000027d114e3f10 Thread added: 0x0000027d323e82f0
Event: 0.424 Thread 0x0000027d114e3f10 Thread added: 0x0000027d3267ab40
Event: 0.447 Thread 0x0000027d3267ab40 Thread exited: 0x0000027d3267ab40
Event: 1.326 Thread 0x0000027d3229a060 Thread added: 0x0000027d7887c2b0
Event: 1.383 Thread 0x0000027d3229a060 Thread added: 0x0000027d788d2580
Event: 2.535 Thread 0x0000027d788d2580 Thread exited: 0x0000027d788d2580
Event: 3.832 Thread 0x0000027d114e3f10 Thread added: 0x0000027d7908bda0
Event: 4.235 Thread 0x0000027d3229a060 Thread added: 0x0000027d793dc470
Event: 8.172 Thread 0x0000027d793dc470 Thread exited: 0x0000027d793dc470
Event: 8.815 Thread 0x0000027d32278750 Thread added: 0x0000027d7a60d800
Event: 8.977 Thread 0x0000027d7a60d800 Thread exited: 0x0000027d7a60d800
Event: 9.198 Thread 0x0000027d7887c2b0 Thread exited: 0x0000027d7887c2b0
Event: 9.742 Thread 0x0000027d32278750 Thread added: 0x0000027d79beeb50
Event: 9.909 Thread 0x0000027d3229a060 Thread added: 0x0000027d7b244220
Event: 12.613 Thread 0x0000027d7b244220 Thread exited: 0x0000027d7b244220
Event: 12.625 Thread 0x0000027d79beeb50 Thread exited: 0x0000027d79beeb50
Event: 12.898 Thread 0x0000027d3229a060 Thread added: 0x0000027d798b0220
Event: 13.185 Thread 0x0000027d3229a060 Thread added: 0x0000027d784114b0


Dynamic libraries:
0x00007ff7d9850000 - 0x00007ff7d9860000 	C:\Program Files\Java\jdk-23\bin\java.exe
0x00007ffe455e0000 - 0x00007ffe45840000 	C:\WINDOWS\SYSTEM32\ntdll.dll
0x00007ffe44240000 - 0x00007ffe44307000 	C:\WINDOWS\System32\KERNEL32.DLL
0x00007ffe42a80000 - 0x00007ffe42e4a000 	C:\WINDOWS\System32\KERNELBASE.dll
0x00007ffe42e50000 - 0x00007ffe42f9b000 	C:\WINDOWS\System32\ucrtbase.dll
0x00007ffdc5ee0000 - 0x00007ffdc5efb000 	C:\Program Files\Java\jdk-23\bin\VCRUNTIME140.dll
0x00007ffdcb2f0000 - 0x00007ffdcb307000 	C:\Program Files\Java\jdk-23\bin\jli.dll
0x00007ffe43870000 - 0x00007ffe43a3c000 	C:\WINDOWS\System32\USER32.dll
0x00007ffe41990000 - 0x00007ffe41c27000 	C:\WINDOWS\WinSxS\amd64_microsoft.windows.common-controls_6595b64144ccf1df_6.0.26100.3624_none_3e086962e3345f24\COMCTL32.dll
0x00007ffe42fa0000 - 0x00007ffe42fc7000 	C:\WINDOWS\System32\win32u.dll
0x00007ffe44100000 - 0x00007ffe441a9000 	C:\WINDOWS\System32\msvcrt.dll
0x00007ffe45490000 - 0x00007ffe454ba000 	C:\WINDOWS\System32\GDI32.dll
0x00007ffe432a0000 - 0x00007ffe433d1000 	C:\WINDOWS\System32\gdi32full.dll
0x00007ffe429d0000 - 0x00007ffe42a73000 	C:\WINDOWS\System32\msvcp_win.dll
0x00007ffe44310000 - 0x00007ffe4433f000 	C:\WINDOWS\System32\IMM32.DLL
0x00007ffe15a40000 - 0x00007ffe15a4c000 	C:\Program Files\Java\jdk-23\bin\vcruntime140_1.dll
0x00007ffdb3890000 - 0x00007ffdb391e000 	C:\Program Files\Java\jdk-23\bin\msvcp140.dll
0x00007ffd8e320000 - 0x00007ffd8f070000 	C:\Program Files\Java\jdk-23\bin\server\jvm.dll
0x00007ffe43a40000 - 0x00007ffe43af2000 	C:\WINDOWS\System32\ADVAPI32.dll
0x00007ffe454f0000 - 0x00007ffe45596000 	C:\WINDOWS\System32\sechost.dll
0x00007ffe44630000 - 0x00007ffe44746000 	C:\WINDOWS\System32\RPCRT4.dll
0x00007ffe43ba0000 - 0x00007ffe43c14000 	C:\WINDOWS\System32\WS2_32.dll
0x00007ffe42600000 - 0x00007ffe4265e000 	C:\WINDOWS\SYSTEM32\POWRPROF.dll
0x00007ffe3b520000 - 0x00007ffe3b556000 	C:\WINDOWS\SYSTEM32\WINMM.dll
0x00007ffe3b560000 - 0x00007ffe3b56b000 	C:\WINDOWS\SYSTEM32\VERSION.dll
0x00007ffe425e0000 - 0x00007ffe425f4000 	C:\WINDOWS\SYSTEM32\UMPDC.dll
0x00007ffe40ca0000 - 0x00007ffe40cba000 	C:\WINDOWS\SYSTEM32\kernel.appcore.dll
0x00007ffe15760000 - 0x00007ffe1576a000 	C:\Program Files\Java\jdk-23\bin\jimage.dll
0x00007ffe41f60000 - 0x00007ffe421a1000 	C:\WINDOWS\SYSTEM32\DBGHELP.DLL
0x00007ffe45100000 - 0x00007ffe45482000 	C:\WINDOWS\System32\combase.dll
0x00007ffe43c30000 - 0x00007ffe43d06000 	C:\WINDOWS\System32\OLEAUT32.dll
0x00007ffe41e30000 - 0x00007ffe41e69000 	C:\WINDOWS\SYSTEM32\dbgcore.DLL
0x00007ffe43140000 - 0x00007ffe431d9000 	C:\WINDOWS\System32\bcryptPrimitives.dll
0x00007ffdc3700000 - 0x00007ffdc371e000 	C:\Program Files\Java\jdk-23\bin\java.dll
0x00007ffe43e00000 - 0x00007ffe43f96000 	C:\WINDOWS\System32\ole32.dll
0x00007ffe44850000 - 0x00007ffe44f79000 	C:\WINDOWS\System32\SHELL32.dll
0x00007ffe42fd0000 - 0x00007ffe43138000 	C:\WINDOWS\System32\wintypes.dll
0x00007ffe3f990000 - 0x00007ffe401e2000 	C:\WINDOWS\SYSTEM32\windows.storage.dll
0x00007ffe43d10000 - 0x00007ffe43dfd000 	C:\WINDOWS\System32\SHCORE.dll
0x00007ffe44fa0000 - 0x00007ffe45004000 	C:\WINDOWS\System32\shlwapi.dll
0x00007ffe426d0000 - 0x00007ffe426ff000 	C:\WINDOWS\SYSTEM32\profapi.dll
0x00007ffd9e150000 - 0x00007ffd9e227000 	C:\Program Files\Java\jdk-23\bin\jsvml.dll
0x00007ffe11e00000 - 0x00007ffe11e10000 	C:\Program Files\Java\jdk-23\bin\net.dll
0x00007ffe411f0000 - 0x00007ffe4125a000 	C:\WINDOWS\system32\mswsock.dll
0x00007ffdc36e0000 - 0x00007ffdc36f6000 	C:\Program Files\Java\jdk-23\bin\nio.dll
0x00007ffdc2e70000 - 0x00007ffdc2e87000 	C:\Program Files\Java\jdk-23\bin\zip.dll
0x00007ffdbede0000 - 0x00007ffdbee04000 	C:\Users\Eliqn\apache-maven-3.9.9\lib\jansi-native\Windows\x86_64\jansi.dll
0x00007ffe0b1c0000 - 0x00007ffe0b1d0000 	C:\Program Files\Java\jdk-23\bin\verify.dll

dbghelp: loaded successfully - version: 4.0.5 - missing functions: none
symbol engine: initialized successfully - sym options: 0x614 - pdb path: .;C:\Program Files\Java\jdk-23\bin;C:\WINDOWS\SYSTEM32;C:\WINDOWS\WinSxS\amd64_microsoft.windows.common-controls_6595b64144ccf1df_6.0.26100.3624_none_3e086962e3345f24;C:\Program Files\Java\jdk-23\bin\server;C:\Users\Eliqn\apache-maven-3.9.9\lib\jansi-native\Windows\x86_64

VM Arguments:
jvm_args: -Dclassworlds.conf=C:\Users\Eliqn\apache-maven-3.9.9\bin\m2.conf -Dmaven.home=C:\Users\Eliqn\apache-maven-3.9.9 -Dlibrary.jansi.path=C:\Users\Eliqn\apache-maven-3.9.9\lib\jansi-native -Dmaven.multiModuleProjectDirectory=C:\Users\Eliqn\Proyectos\ingsw\fis_2025_g6 
java_command: org.codehaus.plexus.classworlds.launcher.Launcher spring-boot:run
java_class_path (initial): C:\Users\Eliqn\apache-maven-3.9.9\boot\plexus-classworlds-2.8.0.jar
Launcher Type: SUN_STANDARD

[Global flags]
     intx CICompilerCount                          = 4                                         {product} {ergonomic}
     uint ConcGCThreads                            = 2                                         {product} {ergonomic}
     uint G1ConcRefinementThreads                  = 8                                         {product} {ergonomic}
   size_t G1HeapRegionSize                         = 2097152                                   {product} {ergonomic}
   size_t InitialHeapSize                          = 234881024                                 {product} {ergonomic}
   size_t MarkStackSize                            = 4194304                                   {product} {ergonomic}
   size_t MarkStackSizeMax                         = 536870912                                 {product} {ergonomic}
   size_t MaxHeapSize                              = 3728736256                                {product} {ergonomic}
   size_t MaxNewSize                               = 2235564032                                {product} {ergonomic}
   size_t MinHeapDeltaBytes                        = 2097152                                   {product} {ergonomic}
   size_t MinHeapSize                              = 8388608                                   {product} {ergonomic}
    uintx NonNMethodCodeHeapSize                   = 5832704                                {pd product} {ergonomic}
    uintx NonProfiledCodeHeapSize                  = 122945536                              {pd product} {ergonomic}
    uintx ProfiledCodeHeapSize                     = 122880000                              {pd product} {ergonomic}
    uintx ReservedCodeCacheSize                    = 251658240                              {pd product} {ergonomic}
     bool SegmentedCodeCache                       = true                                      {product} {ergonomic}
   size_t SoftMaxHeapSize                          = 3728736256                             {manageable} {ergonomic}
     bool UseCompressedOops                        = true                           {product lp64_product} {ergonomic}
     bool UseG1GC                                  = true                                      {product} {ergonomic}
     bool UseLargePagesIndividualAllocation        = false                                  {pd product} {ergonomic}

Logging:
Log output configuration:
 #0: stdout all=warning uptime,level,tags foldmultilines=false
 #1: stderr all=off uptime,level,tags foldmultilines=false

Environment Variables:
PATH=C:\Program Files\PowerShell\7;C:\Program Files\Common Files\Oracle\Java\javapath;C:\Program Files (x86)\Common Files\Oracle\Java\javapath;C:\Python39\Scripts\;C:\Python39\;C:\WINDOWS\system32;C:\WINDOWS;C:\WINDOWS\System32\Wbem;C:\WINDOWS\System32\WindowsPowerShell\v1.0\;C:\WINDOWS\System32\OpenSSH\;C:\ProgramData\chocolatey\bin;C:\Program Files\dotnet\;C:\WINDOWS\system32;C:\WINDOWS;C:\WINDOWS\System32\Wbem;C:\WINDOWS\System32\WindowsPowerShell\v1.0\;C:\WINDOWS\System32\OpenSSH\;C:\Program Files (x86)\Windows Kits\8.1\Windows Performance Toolkit\;C:\Program Files (x86)\Bitvise SSH Client;C:\Program Files\nodejs\;C:\Program Files\Git\cmd;C:\Program Files (x86)\Graphviz\bin;C:\Program Files\PowerShell\7\;C:\Users\Eliqn\AppData\Local\Programs\Python\Launcher\;C:\Users\Eliqn\AppData\Local\Microsoft\WindowsApps;C:\Users\Eliqn\AppData\Local\Programs\Microsoft VS Code\bin;C:\Users\Eliqn\AppData\Local\GitHubDesktop\bin;C:\Users\Eliqn\sqlite-tools-win32-x86-3360000;C:\Users\Eliqn\.dotnet\tools;C:\Exercism;C:\msys64\mingw64\bin;C:\Users\Eliqn\AppData\Local\Programs\MiKTeX\miktex\bin\x64\;C:\xampp\mysql\bin;C:\Users\Eliqn\AppData\Local\JetBrains\Toolbox\scripts;C:\Users\Eliqn\AppData\Local\Microsoft\WinGet\Links;C:\Users\Eliqn\AppData\Roaming\npm;C:\Program Files\swipl\bin;C:\Users\Eliqn\AppData\Local\Coursier\data\bin;C:\Users\Eliqn\AppData\Local\Microsoft\WindowsApps;C:\Users\Eliqn\apache-maven-3.9.9\bin;
USERNAME=DELL
LANG=en_US.UTF-8
OS=Windows_NT
PROCESSOR_IDENTIFIER=AMD64 Family 23 Model 24 Stepping 1, AuthenticAMD
TMP=C:\Users\Eliqn\AppData\Local\Temp
TEMP=C:\Users\Eliqn\AppData\Local\Temp




Periodic native trim disabled

---------------  S Y S T E M  ---------------

OS:
 Windows 11 , 64 bit Build 26100 (10.0.26100.3775)
OS uptime: 2 days 5:27 hours
Hyper-V role detected

CPU: total 8 (initial active 8) (8 cores per cpu, 2 threads per core) family 23 model 24 stepping 1 microcode 0x810810e, cx8, cmov, fxsr, ht, mmx, 3dnowpref, sse, sse2, sse3, ssse3, sse4a, sse4.1, sse4.2, popcnt, lzcnt, tsc, tscinvbit, avx, avx2, aes, clmul, bmi1, bmi2, adx, sha, fma, vzeroupper, clflush, clflushopt, hv, rdtscp, f16c
Processor Information for the first 8 processors :
  Max Mhz: 2300, Current Mhz: 2300, Mhz Limit: 2300

Memory: 4k page, system-wide physical 14222M (4434M free)
TotalPageFile size 17126M (AvailPageFile size 1635M)
current process WorkingSet (physical memory assigned to process): 302M, peak: 305M
current process commit charge ("private bytes"): 336M, peak: 390M

vm_info: Java HotSpot(TM) 64-Bit Server VM (23.0.2+7-58) for windows-amd64 JRE (23.0.2+7-58), built on 2024-11-29T09:34:55Z with MS VC++ 17.6 (VS2022)

END.
